0 info it worked if it ends with ok
1 verbose cli [ 'node', '/usr/local/bin/npm', 'install', 'node-xml-writer' ]
2 info using npm@1.4.28
3 info using node@v0.10.35
4 warn package.json moviesitemapgenerator@1.0.0 No description
5 warn package.json moviesitemapgenerator@1.0.0 No repository field.
6 warn package.json moviesitemapgenerator@1.0.0 No README data
7 verbose readDependencies using package.json deps
8 verbose cache add [ 'node-xml-writer', null ]
9 verbose cache add name=undefined spec="node-xml-writer" args=["node-xml-writer",null]
10 verbose parsed url { protocol: null,
10 verbose parsed url   slashes: null,
10 verbose parsed url   auth: null,
10 verbose parsed url   host: null,
10 verbose parsed url   port: null,
10 verbose parsed url   hostname: null,
10 verbose parsed url   hash: null,
10 verbose parsed url   search: null,
10 verbose parsed url   query: null,
10 verbose parsed url   pathname: 'node-xml-writer',
10 verbose parsed url   path: 'node-xml-writer',
10 verbose parsed url   href: 'node-xml-writer' }
11 silly lockFile b1399d87-node-xml-writer node-xml-writer
12 verbose lock node-xml-writer /Users/tomchambers/.npm/b1399d87-node-xml-writer.lock
13 silly lockFile b1399d87-node-xml-writer node-xml-writer
14 silly lockFile b1399d87-node-xml-writer node-xml-writer
15 verbose addNamed [ 'node-xml-writer', '' ]
16 verbose addNamed [ null, '*' ]
17 silly lockFile cba30ba1-node-xml-writer node-xml-writer@
18 verbose lock node-xml-writer@ /Users/tomchambers/.npm/cba30ba1-node-xml-writer.lock
19 silly addNameRange { name: 'node-xml-writer', range: '*', hasData: false }
20 verbose request where is /node-xml-writer
21 verbose request registry https://registry.npmjs.org/
22 verbose request id 691ece3f8ef25e8d
23 verbose url raw /node-xml-writer
24 verbose url resolving [ 'https://registry.npmjs.org/', './node-xml-writer' ]
25 verbose url resolved https://registry.npmjs.org/node-xml-writer
26 verbose request where is https://registry.npmjs.org/node-xml-writer
27 info trying registry request attempt 1 at 20:44:45
28 http GET https://registry.npmjs.org/node-xml-writer
29 http 404 https://registry.npmjs.org/node-xml-writer
30 verbose headers { date: 'Wed, 04 Feb 2015 20:44:45 GMT',
30 verbose headers   server: 'CouchDB/1.6.1 (Erlang OTP/R14B04)',
30 verbose headers   'content-type': 'application/json',
30 verbose headers   'cache-control': 'max-age=0',
30 verbose headers   'content-length': '52',
30 verbose headers   'accept-ranges': 'bytes',
30 verbose headers   via: '1.1 varnish',
30 verbose headers   age: '0',
30 verbose headers   'x-served-by': 'cache-lhr6326-LHR',
30 verbose headers   'x-cache': 'MISS',
30 verbose headers   'x-cache-hits': '0',
30 verbose headers   'x-timer': 'S1423082685.507541,VS0,VE95',
30 verbose headers   'keep-alive': 'timeout=10, max=50',
30 verbose headers   connection: 'Keep-Alive' }
31 silly registry.get cb [ 404,
31 silly registry.get   { date: 'Wed, 04 Feb 2015 20:44:45 GMT',
31 silly registry.get     server: 'CouchDB/1.6.1 (Erlang OTP/R14B04)',
31 silly registry.get     'content-type': 'application/json',
31 silly registry.get     'cache-control': 'max-age=0',
31 silly registry.get     'content-length': '52',
31 silly registry.get     'accept-ranges': 'bytes',
31 silly registry.get     via: '1.1 varnish',
31 silly registry.get     age: '0',
31 silly registry.get     'x-served-by': 'cache-lhr6326-LHR',
31 silly registry.get     'x-cache': 'MISS',
31 silly registry.get     'x-cache-hits': '0',
31 silly registry.get     'x-timer': 'S1423082685.507541,VS0,VE95',
31 silly registry.get     'keep-alive': 'timeout=10, max=50',
31 silly registry.get     connection: 'Keep-Alive' } ]
32 silly lockFile cba30ba1-node-xml-writer node-xml-writer@
33 silly lockFile cba30ba1-node-xml-writer node-xml-writer@
34 error 404 404 Not Found: node-xml-writer
34 error 404
34 error 404 'node-xml-writer' is not in the npm registry.
34 error 404 You should bug the author to publish it
34 error 404 It was specified as a dependency of 'moviesitemapgenerator'
34 error 404
34 error 404 Maybe try 'npm search xml writer'
34 error 404
34 error 404 Note that you can also install from a
34 error 404 tarball, folder, or http url, or git url.
35 error System Darwin 14.1.0
36 error command "node" "/usr/local/bin/npm" "install" "node-xml-writer"
37 error cwd /Users/tomchambers/projects/moviesitemapgenerator
38 error node -v v0.10.35
39 error npm -v 1.4.28
40 error code E404
41 verbose exit [ 1, true ]
